20-01-2022 00:36:43.885 1680 [main] INFO  c.p.t.e.PharmaEshotServiceApplication.logStarting(55) - Starting PharmaEshotServiceApplication using Java 15.0.2 on DESKTOP-QO54KUN with PID 1680 (D:\Project\Workspace\pharma-eshot-service\target\classes started by Sagar Singhi in D:\Project\Workspace\pharma-eshot-service)
20-01-2022 00:36:43.913 1680 [main] INFO  c.p.t.e.PharmaEshotServiceApplication.logStartupProfileInfo(635) - No active profile set, falling back to default profiles: default
20-01-2022 00:38:34.987 1504 [main] INFO  c.p.t.e.PharmaEshotServiceApplication.logStarting(55) - Starting PharmaEshotServiceApplication using Java 15.0.2 on DESKTOP-QO54KUN with PID 1504 (D:\Project\Workspace\pharma-eshot-service\target\classes started by Sagar Singhi in D:\Project\Workspace\pharma-eshot-service)
20-01-2022 00:38:34.995 1504 [main] INFO  c.p.t.e.PharmaEshotServiceApplication.logStartupProfileInfo(635) - No active profile set, falling back to default profiles: default
20-01-2022 00:38:39.831 1504 [main] INFO  o.s.b.w.e.tomcat.TomcatWebServer.initialize(108) - Tomcat initialized with port(s): 8082 (http)
20-01-2022 00:38:39.900 1504 [main] INFO  o.a.catalina.core.StandardService.log(173) - Starting service [Tomcat]
20-01-2022 00:38:39.901 1504 [main] INFO  o.a.catalina.core.StandardEngine.log(173) - Starting Servlet engine: [Apache Tomcat/9.0.56]
20-01-2022 00:38:40.338 1504 [main] INFO  o.a.c.c.C.[Tomcat].[localhost].[/].log(173) - Initializing Spring embedded WebApplicationContext
20-01-2022 00:38:40.339 1504 [main] INFO  o.s.b.w.s.c.ServletWebServerApplicationContext.prepareWebApplicationContext(290) - Root WebApplicationContext: initialization completed in 5241 ms
20-01-2022 00:38:42.707 1504 [main] INFO  o.s.b.w.e.tomcat.TomcatWebServer.start(220) - Tomcat started on port(s): 8082 (http) with context path ''
20-01-2022 00:38:42.709 1504 [main] INFO  s.d.s.w.p.DocumentationPluginsBootstrapper.start(120) - Context refreshed
20-01-2022 00:38:42.889 1504 [main] INFO  s.d.s.w.p.DocumentationPluginsBootstrapper.start(123) - Found 1 custom documentation plugin(s)
20-01-2022 00:38:43.021 1504 [main] INFO  s.d.s.w.s.ApiListingReferenceScanner.scan(44) - Scanning for api listing references
20-01-2022 00:38:43.386 1504 [main] INFO  c.p.t.e.PharmaEshotServiceApplication.logStarted(61) - Started PharmaEshotServiceApplication in 9.487 seconds (JVM running for 11.579)
20-01-2022 00:39:03.183 1504 [http-nio-8082-exec-1] INFO  o.a.c.c.C.[Tomcat].[localhost].[/].log(173) - Initializing Spring DispatcherServlet 'dispatcherServlet'
20-01-2022 00:39:03.184 1504 [http-nio-8082-exec-1] INFO  o.s.web.servlet.DispatcherServlet.initServletBean(525) - Initializing Servlet 'dispatcherServlet'
20-01-2022 00:39:03.187 1504 [http-nio-8082-exec-1] INFO  o.s.web.servlet.DispatcherServlet.initServletBean(547) - Completed initialization in 2 ms
20-01-2022 00:39:19.626 1504 [http-nio-8082-exec-8] DEBUG c.p.t.e.c.CreateEShotController.getString(19) - A DEBUG Message
20-01-2022 00:43:46.666 1504 [RMI TCP Connection(13)-127.0.0.1] INFO  o.s.b.a.SpringApplicationAdminMXBeanRegistrar$SpringApplicationAdmin.shutdown(159) - Application shutdown requested.
20-01-2022 02:43:23.710 12044 [main] INFO  c.p.t.e.PharmaEshotServiceApplication.logStarting(55) - Starting PharmaEshotServiceApplication using Java 15.0.2 on DESKTOP-QO54KUN with PID 12044 (D:\Project\Workspace\pharma-eshot-service\target\classes started by Sagar Singhi in D:\Project\Workspace\pharma-eshot-service)
20-01-2022 02:43:23.751 12044 [main] INFO  c.p.t.e.PharmaEshotServiceApplication.logStartupProfileInfo(635) - No active profile set, falling back to default profiles: default
20-01-2022 02:43:29.547 12044 [main] INFO  o.s.b.w.e.tomcat.TomcatWebServer.initialize(108) - Tomcat initialized with port(s): 8082 (http)
20-01-2022 02:43:29.596 12044 [main] INFO  o.a.catalina.core.StandardService.log(173) - Starting service [Tomcat]
20-01-2022 02:43:29.597 12044 [main] INFO  o.a.catalina.core.StandardEngine.log(173) - Starting Servlet engine: [Apache Tomcat/9.0.56]
20-01-2022 02:43:30.319 12044 [main] INFO  o.a.c.c.C.[Tomcat].[localhost].[/].log(173) - Initializing Spring embedded WebApplicationContext
20-01-2022 02:43:30.321 12044 [main] INFO  o.s.b.w.s.c.ServletWebServerApplicationContext.prepareWebApplicationContext(290) - Root WebApplicationContext: initialization completed in 6231 ms
20-01-2022 02:43:34.666 12044 [main] INFO  o.s.b.w.e.tomcat.TomcatWebServer.start(220) - Tomcat started on port(s): 8082 (http) with context path ''
20-01-2022 02:43:34.668 12044 [main] INFO  s.d.s.w.p.DocumentationPluginsBootstrapper.start(120) - Context refreshed
20-01-2022 02:43:34.807 12044 [main] INFO  s.d.s.w.p.DocumentationPluginsBootstrapper.start(123) - Found 1 custom documentation plugin(s)
20-01-2022 02:43:34.847 12044 [main] INFO  s.d.s.w.s.ApiListingReferenceScanner.scan(44) - Scanning for api listing references
20-01-2022 02:43:35.041 12044 [http-nio-8082-exec-1] INFO  o.a.c.c.C.[Tomcat].[localhost].[/].log(173) - Initializing Spring DispatcherServlet 'dispatcherServlet'
20-01-2022 02:43:35.042 12044 [http-nio-8082-exec-1] INFO  o.s.web.servlet.DispatcherServlet.initServletBean(525) - Initializing Servlet 'dispatcherServlet'
20-01-2022 02:43:35.050 12044 [http-nio-8082-exec-1] INFO  o.s.web.servlet.DispatcherServlet.initServletBean(547) - Completed initialization in 6 ms
20-01-2022 02:43:35.160 12044 [http-nio-8082-exec-1] DEBUG c.p.t.e.c.CreateEShotController.getString(19) - A DEBUG Message
20-01-2022 02:43:35.400 12044 [main] INFO  c.p.t.e.PharmaEshotServiceApplication.logStarted(61) - Started PharmaEshotServiceApplication in 14.503 seconds (JVM running for 17.033)
20-01-2022 02:43:41.563 12044 [http-nio-8082-exec-5] DEBUG c.p.t.e.c.CreateEShotController.getString(19) - A DEBUG Message
20-01-2022 02:43:42.553 12044 [http-nio-8082-exec-6] DEBUG c.p.t.e.c.CreateEShotController.getString(19) - A DEBUG Message
